
> 168vsc@0.1.0 build
> next build

- info Linting and checking validity of types...
- info Creating an optimized production build...
- info Compiled successfully
- info Collecting page data...
- info Generating static pages (0/15)
- info Generating static pages (3/15)
- info Generating static pages (7/15)
- info Generating static pages (11/15)
- info Generating static pages (15/15)
- info Finalizing page optimization...

Route (pages)                              Size     First Load JS
┌ ○ /                                      4.49 kB        82.8 kB
├   /_app                                  0 B            75.8 kB
├ ○ /404                                   182 B            76 kB
├ ○ /customers                             6.56 kB        88.2 kB
├ ○ /customers/[id]                        6.36 kB          88 kB
├ ○ /customers/new                         3.85 kB          83 kB
├ ○ /finance                               3.56 kB        85.2 kB
├ ○ /jobs                                  3.69 kB        85.3 kB
├ ○ /order                                 18.4 kB         100 kB
├ ○ /orders                                3.67 kB        85.3 kB
├ ○ /products                              126 kB          208 kB
├ ○ /products/[id]                         3.29 kB        84.9 kB
├ ○ /quotation                             5.57 kB        87.2 kB
├ ○ /reports                               3.07 kB        84.7 kB
└ ○ /team                                  5.72 kB        87.3 kB
+ First Load JS shared by all              80.9 kB
  ├ chunks/framework-7a7e500878b44665.js   45.2 kB
  ├ chunks/main-aaf60e05c683b0f3.js        28.4 kB
  ├ chunks/pages/_app-6562e5e547272262.js  485 B
  ├ chunks/webpack-e3c64759938e874e.js     1.77 kB
  └ css/5a243669311010eb.css               5.07 kB

○  (Static)  automatically rendered as static HTML (uses no initial props)

