
> 168vsc@0.1.0 build
> next build

- info Linting and checking validity of types...
- info Creating an optimized production build...
- info Compiled successfully
- info Collecting page data...
- info Generating static pages (0/15)
- info Generating static pages (3/15)
- info Generating static pages (7/15)
- info Generating static pages (11/15)
ReferenceError: Trash2 is not defined
    at /Users/seng/PROJECT/168vsc/.next/server/pages/order.js:2425:136
    at Array.map (<anonymous>)
    at OrderForm (/Users/seng/PROJECT/168vsc/.next/server/pages/order.js:2199:57)
    at Wc (/Users/seng/PROJECT/168vsc/node_modules/react-dom/cjs/react-dom-server.browser.production.min.js:68:44)
    at Zc (/Users/seng/PROJECT/168vsc/node_modules/react-dom/cjs/react-dom-server.browser.production.min.js:70:253)
    at Z (/Users/seng/PROJECT/168vsc/node_modules/react-dom/cjs/react-dom-server.browser.production.min.js:76:89)
    at $c (/Users/seng/PROJECT/168vsc/node_modules/react-dom/cjs/react-dom-server.browser.production.min.js:78:98)
    at Zc (/Users/seng/PROJECT/168vsc/node_modules/react-dom/cjs/react-dom-server.browser.production.min.js:71:145)
    at Z (/Users/seng/PROJECT/168vsc/node_modules/react-dom/cjs/react-dom-server.browser.production.min.js:76:89)
    at $c (/Users/seng/PROJECT/168vsc/node_modules/react-dom/cjs/react-dom-server.browser.production.min.js:78:98)

Error occurred prerendering page "/order". Read more: https://nextjs.org/docs/messages/prerender-error
ReferenceError: Trash2 is not defined
    at /Users/seng/PROJECT/168vsc/.next/server/pages/order.js:2425:136
    at Array.map (<anonymous>)
    at OrderForm (/Users/seng/PROJECT/168vsc/.next/server/pages/order.js:2199:57)
    at Wc (/Users/seng/PROJECT/168vsc/node_modules/react-dom/cjs/react-dom-server.browser.production.min.js:68:44)
    at Zc (/Users/seng/PROJECT/168vsc/node_modules/react-dom/cjs/react-dom-server.browser.production.min.js:70:253)
    at Z (/Users/seng/PROJECT/168vsc/node_modules/react-dom/cjs/react-dom-server.browser.production.min.js:76:89)
    at $c (/Users/seng/PROJECT/168vsc/node_modules/react-dom/cjs/react-dom-server.browser.production.min.js:78:98)
    at Zc (/Users/seng/PROJECT/168vsc/node_modules/react-dom/cjs/react-dom-server.browser.production.min.js:71:145)
    at Z (/Users/seng/PROJECT/168vsc/node_modules/react-dom/cjs/react-dom-server.browser.production.min.js:76:89)
    at $c (/Users/seng/PROJECT/168vsc/node_modules/react-dom/cjs/react-dom-server.browser.production.min.js:78:98)
- info Generating static pages (15/15)

> Export encountered errors on following paths:
	/order
