
> 168vsc@0.1.0 build
> next build

- info Linting and checking validity of types...
- info Creating an optimized production build...
- info Compiled successfully
- info Collecting page data...
- info Generating static pages (0/15)
- info Generating static pages (3/15)
- info Generating static pages (7/15)
- info Generating static pages (11/15)
ReferenceError: OrderForm is not defined
    at OrderPage (/Users/seng/PROJECT/168vsc/.next/server/pages/order.js:100:84)
    at Wc (/Users/seng/PROJECT/168vsc/node_modules/react-dom/cjs/react-dom-server.browser.production.min.js:68:44)
    at Zc (/Users/seng/PROJECT/168vsc/node_modules/react-dom/cjs/react-dom-server.browser.production.min.js:70:253)
    at Z (/Users/seng/PROJECT/168vsc/node_modules/react-dom/cjs/react-dom-server.browser.production.min.js:76:89)
    at $c (/Users/seng/PROJECT/168vsc/node_modules/react-dom/cjs/react-dom-server.browser.production.min.js:78:98)
    at bd (/Users/seng/PROJECT/168vsc/node_modules/react-dom/cjs/react-dom-server.browser.production.min.js:77:404)
    at Z (/Users/seng/PROJECT/168vsc/node_modules/react-dom/cjs/react-dom-server.browser.production.min.js:76:217)
    at Zc (/Users/seng/PROJECT/168vsc/node_modules/react-dom/cjs/react-dom-server.browser.production.min.js:71:479)
    at Z (/Users/seng/PROJECT/168vsc/node_modules/react-dom/cjs/react-dom-server.browser.production.min.js:76:89)
    at Zc (/Users/seng/PROJECT/168vsc/node_modules/react-dom/cjs/react-dom-server.browser.production.min.js:70:481)

Error occurred prerendering page "/order". Read more: https://nextjs.org/docs/messages/prerender-error
ReferenceError: OrderForm is not defined
    at OrderPage (/Users/seng/PROJECT/168vsc/.next/server/pages/order.js:100:84)
    at Wc (/Users/seng/PROJECT/168vsc/node_modules/react-dom/cjs/react-dom-server.browser.production.min.js:68:44)
    at Zc (/Users/seng/PROJECT/168vsc/node_modules/react-dom/cjs/react-dom-server.browser.production.min.js:70:253)
    at Z (/Users/seng/PROJECT/168vsc/node_modules/react-dom/cjs/react-dom-server.browser.production.min.js:76:89)
    at $c (/Users/seng/PROJECT/168vsc/node_modules/react-dom/cjs/react-dom-server.browser.production.min.js:78:98)
    at bd (/Users/seng/PROJECT/168vsc/node_modules/react-dom/cjs/react-dom-server.browser.production.min.js:77:404)
    at Z (/Users/seng/PROJECT/168vsc/node_modules/react-dom/cjs/react-dom-server.browser.production.min.js:76:217)
    at Zc (/Users/seng/PROJECT/168vsc/node_modules/react-dom/cjs/react-dom-server.browser.production.min.js:71:479)
    at Z (/Users/seng/PROJECT/168vsc/node_modules/react-dom/cjs/react-dom-server.browser.production.min.js:76:89)
    at Zc (/Users/seng/PROJECT/168vsc/node_modules/react-dom/cjs/react-dom-server.browser.production.min.js:70:481)
- info Generating static pages (15/15)

> Export encountered errors on following paths:
	/order
