
> 168vsc@0.1.0 build
> next build

- info Linting and checking validity of types...
- info Creating an optimized production build...
Failed to compile.

./components/OrderForm.jsx
Error: 
  [31mx[0m Expected ',', got '{'
      ,-[[36;1;4m/Users/seng/PROJECT/168vsc/components/OrderForm.jsx[0m:1640:1]
 [2m1640[0m |             </div>
 [2m1641[0m |         </div>
 [2m1642[0m | 
 [2m1643[0m |         {/* 5. Items Section (Full Width Bottom) */ }
      : [31;1m        ^[0m
 [2m1644[0m |     <div className="bg-white p-6 rounded-xl shadow-sm border border-secondary-200 space-y-4">
 [2m1645[0m |         <h2 className="text-lg font-semibold text-secondary-900 border-l-4 border-primary-500 pl-3">
 [2m1646[0m |             à¸£à¸²à¸¢à¸à¸²à¸£à¸ªà¸´à¸™à¸„à¹‰à¸² (Order Items)
      `----

Caused by:
    Syntax Error

Import trace for requested module:
./components/OrderForm.jsx
./pages/order.js


> Build failed because of webpack errors
